<?xml version="1.0" encoding="UTF-8"?>
<testsuite name="HelloWorldTest" tests="5" skipped="0" failures="0" errors="0" timestamp="2016-06-16T19:36:42" hostname="mbp-edalorzo.ad.bcinfra.net" time="0.016">
  <properties/>
  <testcase name="helloSampleName" classname="HelloWorldTest" time="0.015"/>
  <testcase name="helloNullName" classname="HelloWorldTest" time="0.0"/>
  <testcase name="helloBlankName" classname="HelloWorldTest" time="0.001"/>
  <testcase name="helloNoName" classname="HelloWorldTest" time="0.0"/>
  <testcase name="helloAnotherSampleName" classname="HelloWorldTest" time="0.0"/>
  <system-out><![CDATA[]]></system-out>
  <system-err><![CDATA[]]></system-err>
</testsuite>
