<?xml version="1.0" encoding="UTF-8"?>
<testsuite name="AcronymTest" tests="6" skipped="0" failures="0" errors="0" timestamp="2016-06-19T03:02:45" hostname="mbp-edalorzo.local" time="0.033">
  <properties/>
  <testcase name="fromTitleCasedPhrases" classname="AcronymTest" time="0.031"/>
  <testcase name="fromPhrasesWithPunctuationAndSentenceCasing" classname="AcronymTest" time="0.0"/>
  <testcase name="fromOtherPhrasesWithPunctuation" classname="AcronymTest" time="0.0"/>
  <testcase name="fromOtherTitleCasedPhrases" classname="AcronymTest" time="0.0"/>
  <testcase name="fromInconsistentlyCasedPhrases" classname="AcronymTest" time="0.0"/>
  <testcase name="fromPhrasesWithPunctuation" classname="AcronymTest" time="0.0"/>
  <system-out><![CDATA[]]></system-out>
  <system-err><![CDATA[]]></system-err>
</testsuite>
