<?xml version="1.0" encoding="UTF-8"?>
<testsuite name="LeapTest" tests="7" skipped="0" failures="0" errors="0" timestamp="2016-06-18T16:55:07" hostname="mbp-edalorzo.local" time="0.017">
  <properties/>
  <testcase name="standardOddYear" classname="LeapTest" time="0.015"/>
  <testcase name="leapTwentyFourthCentury" classname="LeapTest" time="0.0"/>
  <testcase name="leapY2K" classname="LeapTest" time="0.001"/>
  <testcase name="standardNineteenthCentury" classname="LeapTest" time="0.0"/>
  <testcase name="standardEvenYear" classname="LeapTest" time="0.0"/>
  <testcase name="leapYear" classname="LeapTest" time="0.0"/>
  <testcase name="standardEighteenthCentury" classname="LeapTest" time="0.0"/>
  <system-out><![CDATA[]]></system-out>
  <system-err><![CDATA[]]></system-err>
</testsuite>
