<?xml version="1.0" encoding="UTF-8"?>
<testsuite name="PangramTest" tests="9" skipped="0" failures="0" errors="0" timestamp="2016-06-17T20:19:00" hostname="mbp-edalorzo.local" time="0.029">
  <properties/>
  <testcase name="lowercasePangram" classname="PangramTest" time="0.025"/>
  <testcase name="anotherMissingCharacterX" classname="PangramTest" time="0.001"/>
  <testcase name="emptySentence" classname="PangramTest" time="0.0"/>
  <testcase name="missingLettersReplacedByNumbers" classname="PangramTest" time="0.001"/>
  <testcase name="withNumbers" classname="PangramTest" time="0.0"/>
  <testcase name="mixedCaseAndPunctuation" classname="PangramTest" time="0.001"/>
  <testcase name="nonAsciiCharacters" classname="PangramTest" time="0.0"/>
  <testcase name="withUnderscores" classname="PangramTest" time="0.001"/>
  <testcase name="missingCharacterX" classname="PangramTest" time="0.0"/>
  <system-out><![CDATA[]]></system-out>
  <system-err><![CDATA[]]></system-err>
</testsuite>
