<?xml version="1.0" encoding="UTF-8"?>
<testsuite name="GigasecondTest" tests="5" skipped="0" failures="0" errors="0" timestamp="2016-06-16T21:12:36" hostname="mbp-edalorzo.ad.bcinfra.net" time="0.015">
  <properties/>
  <testcase name="withFullTimeSpecified" classname="GigasecondTest" time="0.009"/>
  <testcase name="modernTime" classname="GigasecondTest" time="0.004"/>
  <testcase name="beforeEpochTime" classname="GigasecondTest" time="0.0"/>
  <testcase name="afterEpochTime" classname="GigasecondTest" time="0.0"/>
  <testcase name="withFullTimeSpecifiedAndDayRollover" classname="GigasecondTest" time="0.0"/>
  <system-out><![CDATA[]]></system-out>
  <system-err><![CDATA[]]></system-err>
</testsuite>
