<?xml version="1.0" encoding="UTF-8"?>
<testsuite name="AccumulateTest" tests="6" skipped="0" failures="0" errors="0" timestamp="2016-06-17T22:23:32" hostname="mbp-edalorzo.local" time="0.051">
  <properties/>
  <testcase name="accumulateReversedStrings" classname="AccumulateTest" time="0.045"/>
  <testcase name="accumulateToDifferentType" classname="AccumulateTest" time="0.0"/>
  <testcase name="emptyAccumulateProducesEmptyAccumulation" classname="AccumulateTest" time="0.001"/>
  <testcase name="accumulateWithinAccumulate" classname="AccumulateTest" time="0.001"/>
  <testcase name="accumulateUpperCases" classname="AccumulateTest" time="0.0"/>
  <testcase name="accumulateSquares" classname="AccumulateTest" time="0.001"/>
  <system-out><![CDATA[]]></system-out>
  <system-err><![CDATA[]]></system-err>
</testsuite>
