<?xml version="1.0" encoding="UTF-8"?>
<testsuite name="StrainTest" tests="12" skipped="0" failures="0" errors="0" timestamp="2016-06-21T23:38:57" hostname="mbp-edalorzo.local" time="0.054">
  <properties/>
  <testcase name="emptyKeep" classname="StrainTest" time="0.017"/>
  <testcase name="discardNeitherFirstNorLast" classname="StrainTest" time="0.017"/>
  <testcase name="KeepStrings" classname="StrainTest" time="0.014"/>
  <testcase name="keepFirstAndLast" classname="StrainTest" time="0.0"/>
  <testcase name="discardFirstAndLast" classname="StrainTest" time="0.0"/>
  <testcase name="discardNothing" classname="StrainTest" time="0.001"/>
  <testcase name="keepArrays" classname="StrainTest" time="0.001"/>
  <testcase name="discardStrings" classname="StrainTest" time="0.0"/>
  <testcase name="keepEverything" classname="StrainTest" time="0.001"/>
  <testcase name="discardArrays" classname="StrainTest" time="0.001"/>
  <testcase name="keepNeitherFirstNorLast" classname="StrainTest" time="0.0"/>
  <testcase name="emptyDiscard" classname="StrainTest" time="0.001"/>
  <system-out><![CDATA[]]></system-out>
  <system-err><![CDATA[]]></system-err>
</testsuite>
