<?xml version="1.0" encoding="UTF-8"?>
<testsuite name="IsogramTest" tests="10" skipped="0" failures="0" errors="0" timestamp="2016-06-17T22:42:33" hostname="mbp-edalorzo.local" time="0.018">
  <properties/>
  <testcase name="test[0: isogram(duplicates)=true]" classname="IsogramTest" time="0.014"/>
  <testcase name="test[1: isogram(eleven)=false]" classname="IsogramTest" time="0.0"/>
  <testcase name="test[2: isogram(subdermatoglyphic)=true]" classname="IsogramTest" time="0.001"/>
  <testcase name="test[3: isogram(Alphabet)=false]" classname="IsogramTest" time="0.0"/>
  <testcase name="test[4: isogram(thumbscrew-japingly)=true]" classname="IsogramTest" time="0.0"/>
  <testcase name="test[5: isogram(Hjelmqvist-Gryb-Zock-Pfund-Wax)=true]" classname="IsogramTest" time="0.0"/>
  <testcase name="test[6: isogram(Heizölrückstoßabdämpfung)=true]" classname="IsogramTest" time="0.001"/>
  <testcase name="test[7: isogram(the quick brown fox)=false]" classname="IsogramTest" time="0.0"/>
  <testcase name="test[8: isogram(Emily Jung Schwartzkopf)=true]" classname="IsogramTest" time="0.001"/>
  <testcase name="test[9: isogram(éléphant)=false]" classname="IsogramTest" time="0.0"/>
  <system-out><![CDATA[]]></system-out>
  <system-err><![CDATA[]]></system-err>
</testsuite>
