<?xml version="1.0" encoding="UTF-8"?>
<testsuite name="RnaTranscriptionTest" tests="6" skipped="0" failures="0" errors="0" timestamp="2016-06-16T20:53:12" hostname="mbp-edalorzo.ad.bcinfra.net" time="0.014">
  <properties/>
  <testcase name="cytosineIsGuanine" classname="RnaTranscriptionTest" time="0.013"/>
  <testcase name="thymineIsAdenine" classname="RnaTranscriptionTest" time="0.0"/>
  <testcase name="emptyDnaIsEmptyRna" classname="RnaTranscriptionTest" time="0.0"/>
  <testcase name="rnaTranscription" classname="RnaTranscriptionTest" time="0.0"/>
  <testcase name="guanineIsCytosine" classname="RnaTranscriptionTest" time="0.0"/>
  <testcase name="adenineIsUracil" classname="RnaTranscriptionTest" time="0.0"/>
  <system-out><![CDATA[]]></system-out>
  <system-err><![CDATA[]]></system-err>
</testsuite>
