<?xml version="1.0" encoding="UTF-8"?>
<testsuite name="WordCountTest" tests="7" skipped="0" failures="0" errors="0" timestamp="2016-06-17T15:19:22" hostname="mbp-edalorzo.local" time="0.029">
  <properties/>
  <testcase name="normalizeCase" classname="WordCountTest" time="0.026"/>
  <testcase name="countOneOfEach" classname="WordCountTest" time="0.0"/>
  <testcase name="countOneWord" classname="WordCountTest" time="0.0"/>
  <testcase name="allowApostrophes" classname="WordCountTest" time="0.001"/>
  <testcase name="countMultipleOccurences" classname="WordCountTest" time="0.0"/>
  <testcase name="includeNumbers" classname="WordCountTest" time="0.001"/>
  <testcase name="ignorePunctuation" classname="WordCountTest" time="0.0"/>
  <system-out><![CDATA[]]></system-out>
  <system-err><![CDATA[]]></system-err>
</testsuite>
